<?xml version="1.0" encoding="UTF-8"?>
<testng-results skipped="0" failed="3" ignored="0" total="8" passed="5">
  <reporter-output>
  </reporter-output>
  <suite name="Default suite" duration-ms="186137" started-at="2018-08-21T16:22:19Z" finished-at="2018-08-21T16:25:25Z">
    <groups>
    </groups>
    <test name="Default test" duration-ms="186137" started-at="2018-08-21T16:22:19Z" finished-at="2018-08-21T16:25:25Z">
      <class name="com.qa.tech.testscripts.TeamPageTest">
        <test-method status="PASS" signature="setUp()[pri:0, instance:com.qa.tech.testscripts.TeamPageTest@6325a3ee]" name="setUp" is-config="true" duration-ms="12702" started-at="2018-08-21T16:22:19Z" finished-at="2018-08-21T16:22:32Z">
          <reporter-output>
          </reporter-output>
        </test-method> <!-- setUp -->
        <test-method status="PASS" signature="teamPageTitleUrlTest()[pri:1, instance:com.qa.tech.testscripts.TeamPageTest@6325a3ee]" name="teamPageTitleUrlTest" duration-ms="71" started-at="2018-08-21T16:22:32Z" finished-at="2018-08-21T16:22:32Z">
          <reporter-output>
          </reporter-output>
        </test-method> <!-- teamPageTitleUrlTest -->
        <test-method status="PASS" signature="tearDown()[pri:0, instance:com.qa.tech.testscripts.TeamPageTest@6325a3ee]" name="tearDown" is-config="true" duration-ms="1708" started-at="2018-08-21T16:22:32Z" finished-at="2018-08-21T16:22:34Z">
          <reporter-output>
          </reporter-output>
        </test-method> <!-- tearDown -->
        <test-method status="PASS" signature="setUp()[pri:0, instance:com.qa.tech.testscripts.TeamPageTest@6325a3ee]" name="setUp" is-config="true" duration-ms="10298" started-at="2018-08-21T16:22:34Z" finished-at="2018-08-21T16:22:44Z">
          <reporter-output>
          </reporter-output>
        </test-method> <!-- setUp -->
        <test-method status="PASS" signature="teamPageDataTabTest()[pri:2, instance:com.qa.tech.testscripts.TeamPageTest@6325a3ee]" name="teamPageDataTabTest" duration-ms="1417" started-at="2018-08-21T16:22:44Z" finished-at="2018-08-21T16:22:45Z">
          <reporter-output>
          </reporter-output>
        </test-method> <!-- teamPageDataTabTest -->
        <test-method status="PASS" signature="tearDown()[pri:0, instance:com.qa.tech.testscripts.TeamPageTest@6325a3ee]" name="tearDown" is-config="true" duration-ms="1545" started-at="2018-08-21T16:22:45Z" finished-at="2018-08-21T16:22:47Z">
          <reporter-output>
          </reporter-output>
        </test-method> <!-- tearDown -->
        <test-method status="PASS" signature="setUp()[pri:0, instance:com.qa.tech.testscripts.TeamPageTest@6325a3ee]" name="setUp" is-config="true" duration-ms="10097" started-at="2018-08-21T16:22:47Z" finished-at="2018-08-21T16:22:57Z">
          <reporter-output>
          </reporter-output>
        </test-method> <!-- setUp -->
        <test-method status="PASS" signature="teamPageDepartmentCountTest()[pri:3, instance:com.qa.tech.testscripts.TeamPageTest@6325a3ee]" name="teamPageDepartmentCountTest" duration-ms="9410" started-at="2018-08-21T16:22:57Z" finished-at="2018-08-21T16:23:06Z">
          <reporter-output>
          </reporter-output>
        </test-method> <!-- teamPageDepartmentCountTest -->
        <test-method status="PASS" signature="tearDown()[pri:0, instance:com.qa.tech.testscripts.TeamPageTest@6325a3ee]" name="tearDown" is-config="true" duration-ms="1173" started-at="2018-08-21T16:23:06Z" finished-at="2018-08-21T16:23:08Z">
          <reporter-output>
          </reporter-output>
        </test-method> <!-- tearDown -->
        <test-method status="PASS" signature="setUp()[pri:0, instance:com.qa.tech.testscripts.TeamPageTest@6325a3ee]" name="setUp" is-config="true" duration-ms="9825" started-at="2018-08-21T16:23:08Z" finished-at="2018-08-21T16:23:17Z">
          <reporter-output>
          </reporter-output>
        </test-method> <!-- setUp -->
        <test-method status="FAIL" signature="teamPageEmployeesWithEachTabTest()[pri:4, instance:com.qa.tech.testscripts.TeamPageTest@6325a3ee]" name="teamPageEmployeesWithEachTabTest" duration-ms="1805" started-at="2018-08-21T16:23:17Z" finished-at="2018-08-21T16:23:19Z">
          <exception class="java.lang.AssertionError">
            <message>
              <![CDATA[Team count does not match with total count. Expected:131.Actual:126 expected [131] but found [126]]]>
            </message>
            <full-stacktrace>
              <![CDATA[java.lang.AssertionError: Team count does not match with total count. Expected:131.Actual:126 expected [131] but found [126]
at org.testng.Assert.fail(Assert.java:96)
at org.testng.Assert.failNotEquals(Assert.java:776)
at org.testng.Assert.assertEqualsImpl(Assert.java:137)
at org.testng.Assert.assertEquals(Assert.java:118)
at org.testng.Assert.assertEquals(Assert.java:652)
at com.qa.tech.testpages.TeamPage.validate_EmployeesWithEachTab(TeamPage.java:200)
at com.qa.tech.testscripts.TeamPageTest.teamPageEmployeesWithEachTabTest(TeamPageTest.java:57)
at sun.reflect.NativeMethodAccessorImpl.invoke0(Native Method)
at sun.reflect.NativeMethodAccessorImpl.invoke(NativeMethodAccessorImpl.java:62)
at sun.reflect.DelegatingMethodAccessorImpl.invoke(DelegatingMethodAccessorImpl.java:43)
at java.lang.reflect.Method.invoke(Method.java:498)
at org.testng.internal.MethodInvocationHelper.invokeMethod(MethodInvocationHelper.java:124)
at org.testng.internal.Invoker.invokeMethod(Invoker.java:583)
at org.testng.internal.Invoker.invokeTestMethod(Invoker.java:719)
at org.testng.internal.Invoker.invokeTestMethods(Invoker.java:989)
at org.testng.internal.TestMethodWorker.invokeTestMethods(TestMethodWorker.java:125)
at org.testng.internal.TestMethodWorker.run(TestMethodWorker.java:109)
at org.testng.TestRunner.privateRun(TestRunner.java:648)
at org.testng.TestRunner.run(TestRunner.java:505)
at org.testng.SuiteRunner.runTest(SuiteRunner.java:455)
at org.testng.SuiteRunner.runSequentially(SuiteRunner.java:450)
at org.testng.SuiteRunner.privateRun(SuiteRunner.java:415)
at org.testng.SuiteRunner.run(SuiteRunner.java:364)
at org.testng.SuiteRunnerWorker.runSuite(SuiteRunnerWorker.java:52)
at org.testng.SuiteRunnerWorker.run(SuiteRunnerWorker.java:84)
at org.testng.TestNG.runSuitesSequentially(TestNG.java:1208)
at org.testng.TestNG.runSuitesLocally(TestNG.java:1137)
at org.testng.TestNG.runSuites(TestNG.java:1049)
at org.testng.TestNG.run(TestNG.java:1017)
at org.testng.remote.AbstractRemoteTestNG.run(AbstractRemoteTestNG.java:114)
at org.testng.remote.RemoteTestNG.initAndRun(RemoteTestNG.java:251)
at org.testng.remote.RemoteTestNG.main(RemoteTestNG.java:77)
]]>
            </full-stacktrace>
          </exception> <!-- java.lang.AssertionError -->
          <reporter-output>
          </reporter-output>
        </test-method> <!-- teamPageEmployeesWithEachTabTest -->
        <test-method status="PASS" signature="tearDown()[pri:0, instance:com.qa.tech.testscripts.TeamPageTest@6325a3ee]" name="tearDown" is-config="true" duration-ms="1304" started-at="2018-08-21T16:23:19Z" finished-at="2018-08-21T16:23:20Z">
          <reporter-output>
          </reporter-output>
        </test-method> <!-- tearDown -->
        <test-method status="PASS" signature="setUp()[pri:0, instance:com.qa.tech.testscripts.TeamPageTest@6325a3ee]" name="setUp" is-config="true" duration-ms="9941" started-at="2018-08-21T16:23:20Z" finished-at="2018-08-21T16:23:30Z">
          <reporter-output>
          </reporter-output>
        </test-method> <!-- setUp -->
        <test-method status="FAIL" signature="teamPageEmployeeNamesWithEachTabTest()[pri:5, instance:com.qa.tech.testscripts.TeamPageTest@6325a3ee]" name="teamPageEmployeeNamesWithEachTabTest" duration-ms="7352" started-at="2018-08-21T16:23:30Z" finished-at="2018-08-21T16:23:38Z">
          <exception class="java.lang.AssertionError">
            <message>
              <![CDATA[Dept Employees names does not match with all employee names. Expected:131. Actual:126 expected [true] but found [false]]]>
            </message>
            <full-stacktrace>
              <![CDATA[java.lang.AssertionError: Dept Employees names does not match with all employee names. Expected:131. Actual:126 expected [true] but found [false]
at org.testng.Assert.fail(Assert.java:96)
at org.testng.Assert.failNotEquals(Assert.java:776)
at org.testng.Assert.assertTrue(Assert.java:44)
at com.qa.tech.testpages.TeamPage.validate_EmployeeNamesWithEachTab(TeamPage.java:249)
at com.qa.tech.testscripts.TeamPageTest.teamPageEmployeeNamesWithEachTabTest(TeamPageTest.java:62)
at sun.reflect.NativeMethodAccessorImpl.invoke0(Native Method)
at sun.reflect.NativeMethodAccessorImpl.invoke(NativeMethodAccessorImpl.java:62)
at sun.reflect.DelegatingMethodAccessorImpl.invoke(DelegatingMethodAccessorImpl.java:43)
at java.lang.reflect.Method.invoke(Method.java:498)
at org.testng.internal.MethodInvocationHelper.invokeMethod(MethodInvocationHelper.java:124)
at org.testng.internal.Invoker.invokeMethod(Invoker.java:583)
at org.testng.internal.Invoker.invokeTestMethod(Invoker.java:719)
at org.testng.internal.Invoker.invokeTestMethods(Invoker.java:989)
at org.testng.internal.TestMethodWorker.invokeTestMethods(TestMethodWorker.java:125)
at org.testng.internal.TestMethodWorker.run(TestMethodWorker.java:109)
at org.testng.TestRunner.privateRun(TestRunner.java:648)
at org.testng.TestRunner.run(TestRunner.java:505)
at org.testng.SuiteRunner.runTest(SuiteRunner.java:455)
at org.testng.SuiteRunner.runSequentially(SuiteRunner.java:450)
at org.testng.SuiteRunner.privateRun(SuiteRunner.java:415)
at org.testng.SuiteRunner.run(SuiteRunner.java:364)
at org.testng.SuiteRunnerWorker.runSuite(SuiteRunnerWorker.java:52)
at org.testng.SuiteRunnerWorker.run(SuiteRunnerWorker.java:84)
at org.testng.TestNG.runSuitesSequentially(TestNG.java:1208)
at org.testng.TestNG.runSuitesLocally(TestNG.java:1137)
at org.testng.TestNG.runSuites(TestNG.java:1049)
at org.testng.TestNG.run(TestNG.java:1017)
at org.testng.remote.AbstractRemoteTestNG.run(AbstractRemoteTestNG.java:114)
at org.testng.remote.RemoteTestNG.initAndRun(RemoteTestNG.java:251)
at org.testng.remote.RemoteTestNG.main(RemoteTestNG.java:77)
]]>
            </full-stacktrace>
          </exception> <!-- java.lang.AssertionError -->
          <reporter-output>
          </reporter-output>
        </test-method> <!-- teamPageEmployeeNamesWithEachTabTest -->
        <test-method status="PASS" signature="tearDown()[pri:0, instance:com.qa.tech.testscripts.TeamPageTest@6325a3ee]" name="tearDown" is-config="true" duration-ms="1294" started-at="2018-08-21T16:23:38Z" finished-at="2018-08-21T16:23:39Z">
          <reporter-output>
          </reporter-output>
        </test-method> <!-- tearDown -->
        <test-method status="PASS" signature="setUp()[pri:0, instance:com.qa.tech.testscripts.TeamPageTest@6325a3ee]" name="setUp" is-config="true" duration-ms="46182" started-at="2018-08-21T16:23:39Z" finished-at="2018-08-21T16:24:25Z">
          <reporter-output>
          </reporter-output>
        </test-method> <!-- setUp -->
        <test-method status="FAIL" signature="teamPageEmployeeDeptsWithEachTabTest()[pri:6, instance:com.qa.tech.testscripts.TeamPageTest@6325a3ee]" name="teamPageEmployeeDeptsWithEachTabTest" duration-ms="10071" started-at="2018-08-21T16:24:25Z" finished-at="2018-08-21T16:24:35Z">
          <exception class="org.openqa.selenium.NoSuchElementException">
            <message>
              <![CDATA[no such element: Unable to locate element: {"method":"xpath","selector":"//a[@rel='all']"}
  (Session info: chrome=68.0.3440.106)
  (Driver info: chromedriver=2.35.528161 (5b82f2d2aae0ca24b877009200ced9065a772e73),platform=Windows NT 10.0.15063 x86_64) (WARNING: The server did not provide any stacktrace information)
Command duration or timeout: 0 milliseconds
For documentation on this error, please visit: http://seleniumhq.org/exceptions/no_such_element.html
Build info: version: '3.13.0', revision: '2f0d292', time: '2018-06-25T15:24:21.231Z'
System info: host: 'SAALAGES-MPUEB', ip: '192.168.1.102', os.name: 'Windows 10', os.arch: 'amd64', os.version: '10.0', java.version: '1.8.0_171'
Driver info: org.openqa.selenium.chrome.ChromeDriver
Capabilities {acceptInsecureCerts: false, acceptSslCerts: false, applicationCacheEnabled: false, browserConnectionEnabled: false, browserName: chrome, chrome: {chromedriverVersion: 2.35.528161 (5b82f2d2aae0ca..., userDataDir: C:\Users\saalages\AppData\L...}, cssSelectorsEnabled: true, databaseEnabled: false, handlesAlerts: true, hasTouchScreen: false, javascriptEnabled: true, locationContextEnabled: true, mobileEmulationEnabled: false, nativeEvents: true, networkConnectionEnabled: false, pageLoadStrategy: normal, platform: XP, platformName: XP, rotatable: false, setWindowRect: true, takesHeapSnapshot: true, takesScreenshot: true, unexpectedAlertBehaviour: , unhandledPromptBehavior: , version: 68.0.3440.106, webStorageEnabled: true}
Session ID: bd337b100c16c6c0724ac45c9909b7c7
*** Element info: {Using=xpath, value=//a[@rel='all']}]]>
            </message>
            <full-stacktrace>
              <![CDATA[org.openqa.selenium.NoSuchElementException: no such element: Unable to locate element: {"method":"xpath","selector":"//a[@rel='all']"}
  (Session info: chrome=68.0.3440.106)
  (Driver info: chromedriver=2.35.528161 (5b82f2d2aae0ca24b877009200ced9065a772e73),platform=Windows NT 10.0.15063 x86_64) (WARNING: The server did not provide any stacktrace information)
Command duration or timeout: 0 milliseconds
For documentation on this error, please visit: http://seleniumhq.org/exceptions/no_such_element.html
Build info: version: '3.13.0', revision: '2f0d292', time: '2018-06-25T15:24:21.231Z'
System info: host: 'SAALAGES-MPUEB', ip: '192.168.1.102', os.name: 'Windows 10', os.arch: 'amd64', os.version: '10.0', java.version: '1.8.0_171'
Driver info: org.openqa.selenium.chrome.ChromeDriver
Capabilities {acceptInsecureCerts: false, acceptSslCerts: false, applicationCacheEnabled: false, browserConnectionEnabled: false, browserName: chrome, chrome: {chromedriverVersion: 2.35.528161 (5b82f2d2aae0ca..., userDataDir: C:\Users\saalages\AppData\L...}, cssSelectorsEnabled: true, databaseEnabled: false, handlesAlerts: true, hasTouchScreen: false, javascriptEnabled: true, locationContextEnabled: true, mobileEmulationEnabled: false, nativeEvents: true, networkConnectionEnabled: false, pageLoadStrategy: normal, platform: XP, platformName: XP, rotatable: false, setWindowRect: true, takesHeapSnapshot: true, takesScreenshot: true, unexpectedAlertBehaviour: , unhandledPromptBehavior: , version: 68.0.3440.106, webStorageEnabled: true}
Session ID: bd337b100c16c6c0724ac45c9909b7c7
*** Element info: {Using=xpath, value=//a[@rel='all']}
at sun.reflect.NativeConstructorAccessorImpl.newInstance0(Native Method)
at sun.reflect.NativeConstructorAccessorImpl.newInstance(NativeConstructorAccessorImpl.java:62)
at sun.reflect.DelegatingConstructorAccessorImpl.newInstance(DelegatingConstructorAccessorImpl.java:45)
at java.lang.reflect.Constructor.newInstance(Constructor.java:423)
at org.openqa.selenium.remote.ErrorHandler.createThrowable(ErrorHandler.java:214)
at org.openqa.selenium.remote.ErrorHandler.throwIfResponseFailed(ErrorHandler.java:166)
at org.openqa.selenium.remote.http.JsonHttpResponseCodec.reconstructValue(JsonHttpResponseCodec.java:40)
at org.openqa.selenium.remote.http.AbstractHttpResponseCodec.decode(AbstractHttpResponseCodec.java:80)
at org.openqa.selenium.remote.http.AbstractHttpResponseCodec.decode(AbstractHttpResponseCodec.java:44)
at org.openqa.selenium.remote.HttpCommandExecutor.execute(HttpCommandExecutor.java:158)
at org.openqa.selenium.remote.service.DriverCommandExecutor.execute(DriverCommandExecutor.java:83)
at org.openqa.selenium.remote.RemoteWebDriver.execute(RemoteWebDriver.java:548)
at org.openqa.selenium.remote.RemoteWebDriver.findElement(RemoteWebDriver.java:322)
at org.openqa.selenium.remote.RemoteWebDriver.findElementByXPath(RemoteWebDriver.java:424)
at org.openqa.selenium.By$ByXPath.findElement(By.java:353)
at org.openqa.selenium.remote.RemoteWebDriver.findElement(RemoteWebDriver.java:314)
at org.openqa.selenium.support.pagefactory.DefaultElementLocator.findElement(DefaultElementLocator.java:69)
at org.openqa.selenium.support.pagefactory.internal.LocatingElementHandler.invoke(LocatingElementHandler.java:38)
at com.sun.proxy.$Proxy11.click(Unknown Source)
at com.qa.tech.testpages.TeamPage.validate_EmployeeDeptsWithEachTab(TeamPage.java:257)
at com.qa.tech.testscripts.TeamPageTest.teamPageEmployeeDeptsWithEachTabTest(TeamPageTest.java:67)
at sun.reflect.NativeMethodAccessorImpl.invoke0(Native Method)
at sun.reflect.NativeMethodAccessorImpl.invoke(NativeMethodAccessorImpl.java:62)
at sun.reflect.DelegatingMethodAccessorImpl.invoke(DelegatingMethodAccessorImpl.java:43)
at java.lang.reflect.Method.invoke(Method.java:498)
at org.testng.internal.MethodInvocationHelper.invokeMethod(MethodInvocationHelper.java:124)
at org.testng.internal.Invoker.invokeMethod(Invoker.java:583)
at org.testng.internal.Invoker.invokeTestMethod(Invoker.java:719)
at org.testng.internal.Invoker.invokeTestMethods(Invoker.java:989)
at org.testng.internal.TestMethodWorker.invokeTestMethods(TestMethodWorker.java:125)
at org.testng.internal.TestMethodWorker.run(TestMethodWorker.java:109)
at org.testng.TestRunner.privateRun(TestRunner.java:648)
at org.testng.TestRunner.run(TestRunner.java:505)
at org.testng.SuiteRunner.runTest(SuiteRunner.java:455)
at org.testng.SuiteRunner.runSequentially(SuiteRunner.java:450)
at org.testng.SuiteRunner.privateRun(SuiteRunner.java:415)
at org.testng.SuiteRunner.run(SuiteRunner.java:364)
at org.testng.SuiteRunnerWorker.runSuite(SuiteRunnerWorker.java:52)
at org.testng.SuiteRunnerWorker.run(SuiteRunnerWorker.java:84)
at org.testng.TestNG.runSuitesSequentially(TestNG.java:1208)
at org.testng.TestNG.runSuitesLocally(TestNG.java:1137)
at org.testng.TestNG.runSuites(TestNG.java:1049)
at org.testng.TestNG.run(TestNG.java:1017)
at org.testng.remote.AbstractRemoteTestNG.run(AbstractRemoteTestNG.java:114)
at org.testng.remote.RemoteTestNG.initAndRun(RemoteTestNG.java:251)
at org.testng.remote.RemoteTestNG.main(RemoteTestNG.java:77)
]]>
            </full-stacktrace>
          </exception> <!-- org.openqa.selenium.NoSuchElementException -->
          <reporter-output>
          </reporter-output>
        </test-method> <!-- teamPageEmployeeDeptsWithEachTabTest -->
        <test-method status="PASS" signature="tearDown()[pri:0, instance:com.qa.tech.testscripts.TeamPageTest@6325a3ee]" name="tearDown" is-config="true" duration-ms="1770" started-at="2018-08-21T16:24:35Z" finished-at="2018-08-21T16:24:37Z">
          <reporter-output>
          </reporter-output>
        </test-method> <!-- tearDown -->
        <test-method status="PASS" signature="setUp()[pri:0, instance:com.qa.tech.testscripts.TeamPageTest@6325a3ee]" name="setUp" is-config="true" duration-ms="9716" started-at="2018-08-21T16:24:37Z" finished-at="2018-08-21T16:24:47Z">
          <reporter-output>
          </reporter-output>
        </test-method> <!-- setUp -->
        <test-method status="PASS" signature="teamPageEmpSocialTwitterAccount_clickEventTest()[pri:7, instance:com.qa.tech.testscripts.TeamPageTest@6325a3ee]" name="teamPageEmpSocialTwitterAccount_clickEventTest" duration-ms="12847" started-at="2018-08-21T16:24:47Z" finished-at="2018-08-21T16:25:00Z">
          <reporter-output>
          </reporter-output>
        </test-method> <!-- teamPageEmpSocialTwitterAccount_clickEventTest -->
        <test-method status="PASS" signature="tearDown()[pri:0, instance:com.qa.tech.testscripts.TeamPageTest@6325a3ee]" name="tearDown" is-config="true" duration-ms="1373" started-at="2018-08-21T16:25:00Z" finished-at="2018-08-21T16:25:01Z">
          <reporter-output>
          </reporter-output>
        </test-method> <!-- tearDown -->
        <test-method status="PASS" signature="setUp()[pri:0, instance:com.qa.tech.testscripts.TeamPageTest@6325a3ee]" name="setUp" is-config="true" duration-ms="9386" started-at="2018-08-21T16:25:01Z" finished-at="2018-08-21T16:25:10Z">
          <reporter-output>
          </reporter-output>
        </test-method> <!-- setUp -->
        <test-method status="PASS" signature="teamPageEmpSocialGithubAccount_clickEventTest()[pri:8, instance:com.qa.tech.testscripts.TeamPageTest@6325a3ee]" name="teamPageEmpSocialGithubAccount_clickEventTest" duration-ms="13269" started-at="2018-08-21T16:25:10Z" finished-at="2018-08-21T16:25:24Z">
          <reporter-output>
          </reporter-output>
        </test-method> <!-- teamPageEmpSocialGithubAccount_clickEventTest -->
        <test-method status="PASS" signature="tearDown()[pri:0, instance:com.qa.tech.testscripts.TeamPageTest@6325a3ee]" name="tearDown" is-config="true" duration-ms="1518" started-at="2018-08-21T16:25:24Z" finished-at="2018-08-21T16:25:25Z">
          <reporter-output>
          </reporter-output>
        </test-method> <!-- tearDown -->
      </class> <!-- com.qa.tech.testscripts.TeamPageTest -->
    </test> <!-- Default test -->
  </suite> <!-- Default suite -->
</testng-results>
